ARM GAS  C:\Users\ADMINI~1\AppData\Local\Temp\ccwi8AUI.s 			page 1


   1              		.cpu cortex-m7
   2              		.eabi_attribute 28, 1
   3              		.eabi_attribute 20, 1
   4              		.eabi_attribute 21, 1
   5              		.eabi_attribute 23, 3
   6              		.eabi_attribute 24, 1
   7              		.eabi_attribute 25, 1
   8              		.eabi_attribute 26, 1
   9              		.eabi_attribute 30, 1
  10              		.eabi_attribute 34, 1
  11              		.eabi_attribute 18, 4
  12              		.file	"stm32h7xx_it.c"
  13              		.text
  14              	.Ltext0:
  15              		.cfi_sections	.debug_frame
  16              		.section	.text.NMI_Handler,"ax",%progbits
  17              		.align	1
  18              		.global	NMI_Handler
  19              		.arch armv7e-m
  20              		.syntax unified
  21              		.thumb
  22              		.thumb_func
  23              		.fpu fpv5-d16
  25              	NMI_Handler:
  26              	.LFB147:
  27              		.file 1 "Core/Src/stm32h7xx_it.c"
   1:Core/Src/stm32h7xx_it.c **** /* USER CODE BEGIN Header */
   2:Core/Src/stm32h7xx_it.c **** /**
   3:Core/Src/stm32h7xx_it.c ****   ******************************************************************************
   4:Core/Src/stm32h7xx_it.c ****   * @file    stm32h7xx_it.c
   5:Core/Src/stm32h7xx_it.c ****   * @brief   Interrupt Service Routines.
   6:Core/Src/stm32h7xx_it.c ****   ******************************************************************************
   7:Core/Src/stm32h7xx_it.c ****   * @attention
   8:Core/Src/stm32h7xx_it.c ****   *
   9:Core/Src/stm32h7xx_it.c ****   * Copyright (c) 2023 STMicroelectronics.
  10:Core/Src/stm32h7xx_it.c ****   * All rights reserved.
  11:Core/Src/stm32h7xx_it.c ****   *
  12:Core/Src/stm32h7xx_it.c ****   * This software is licensed under terms that can be found in the LICENSE file
  13:Core/Src/stm32h7xx_it.c ****   * in the root directory of this software component.
  14:Core/Src/stm32h7xx_it.c ****   * If no LICENSE file comes with this software, it is provided AS-IS.
  15:Core/Src/stm32h7xx_it.c ****   *
  16:Core/Src/stm32h7xx_it.c ****   ******************************************************************************
  17:Core/Src/stm32h7xx_it.c ****   */
  18:Core/Src/stm32h7xx_it.c **** /* USER CODE END Header */
  19:Core/Src/stm32h7xx_it.c **** 
  20:Core/Src/stm32h7xx_it.c **** /* Includes ------------------------------------------------------------------*/
  21:Core/Src/stm32h7xx_it.c **** #include "main.h"
  22:Core/Src/stm32h7xx_it.c **** #include "stm32h7xx_it.h"
  23:Core/Src/stm32h7xx_it.c **** /* Private includes ----------------------------------------------------------*/
  24:Core/Src/stm32h7xx_it.c **** /* USER CODE BEGIN Includes */
  25:Core/Src/stm32h7xx_it.c **** /* USER CODE END Includes */
  26:Core/Src/stm32h7xx_it.c **** 
  27:Core/Src/stm32h7xx_it.c **** /* Private typedef -----------------------------------------------------------*/
  28:Core/Src/stm32h7xx_it.c **** /* USER CODE BEGIN TD */
  29:Core/Src/stm32h7xx_it.c **** 
  30:Core/Src/stm32h7xx_it.c **** /* USER CODE END TD */
  31:Core/Src/stm32h7xx_it.c **** 
ARM GAS  C:\Users\ADMINI~1\AppData\Local\Temp\ccwi8AUI.s 			page 2


  32:Core/Src/stm32h7xx_it.c **** /* Private define ------------------------------------------------------------*/
  33:Core/Src/stm32h7xx_it.c **** /* USER CODE BEGIN PD */
  34:Core/Src/stm32h7xx_it.c **** 
  35:Core/Src/stm32h7xx_it.c **** /* USER CODE END PD */
  36:Core/Src/stm32h7xx_it.c **** 
  37:Core/Src/stm32h7xx_it.c **** /* Private macro -------------------------------------------------------------*/
  38:Core/Src/stm32h7xx_it.c **** /* USER CODE BEGIN PM */
  39:Core/Src/stm32h7xx_it.c **** 
  40:Core/Src/stm32h7xx_it.c **** /* USER CODE END PM */
  41:Core/Src/stm32h7xx_it.c **** 
  42:Core/Src/stm32h7xx_it.c **** /* Private variables ---------------------------------------------------------*/
  43:Core/Src/stm32h7xx_it.c **** /* USER CODE BEGIN PV */
  44:Core/Src/stm32h7xx_it.c **** 
  45:Core/Src/stm32h7xx_it.c **** /* USER CODE END PV */
  46:Core/Src/stm32h7xx_it.c **** 
  47:Core/Src/stm32h7xx_it.c **** /* Private function prototypes -----------------------------------------------*/
  48:Core/Src/stm32h7xx_it.c **** /* USER CODE BEGIN PFP */
  49:Core/Src/stm32h7xx_it.c **** 
  50:Core/Src/stm32h7xx_it.c **** /* USER CODE END PFP */
  51:Core/Src/stm32h7xx_it.c **** 
  52:Core/Src/stm32h7xx_it.c **** /* Private user code ---------------------------------------------------------*/
  53:Core/Src/stm32h7xx_it.c **** /* USER CODE BEGIN 0 */
  54:Core/Src/stm32h7xx_it.c **** 
  55:Core/Src/stm32h7xx_it.c **** /* USER CODE END 0 */
  56:Core/Src/stm32h7xx_it.c **** 
  57:Core/Src/stm32h7xx_it.c **** /* External variables --------------------------------------------------------*/
  58:Core/Src/stm32h7xx_it.c **** 
  59:Core/Src/stm32h7xx_it.c **** /* USER CODE BEGIN EV */
  60:Core/Src/stm32h7xx_it.c **** 
  61:Core/Src/stm32h7xx_it.c **** /* USER CODE END EV */
  62:Core/Src/stm32h7xx_it.c **** 
  63:Core/Src/stm32h7xx_it.c **** /******************************************************************************/
  64:Core/Src/stm32h7xx_it.c **** /*           Cortex Processor Interruption and Exception Handlers          */
  65:Core/Src/stm32h7xx_it.c **** /******************************************************************************/
  66:Core/Src/stm32h7xx_it.c **** /**
  67:Core/Src/stm32h7xx_it.c ****   * @brief This function handles Non maskable interrupt.
  68:Core/Src/stm32h7xx_it.c ****   */
  69:Core/Src/stm32h7xx_it.c **** void NMI_Handler(void)
  70:Core/Src/stm32h7xx_it.c **** {
  28              		.loc 1 70 1 view -0
  29              		.cfi_startproc
  30              		@ Volatile: function does not return.
  31              		@ args = 0, pretend = 0, frame = 0
  32              		@ frame_needed = 0, uses_anonymous_args = 0
  33 0000 08B5     		push	{r3, lr}
  34              	.LCFI0:
  35              		.cfi_def_cfa_offset 8
  36              		.cfi_offset 3, -8
  37              		.cfi_offset 14, -4
  71:Core/Src/stm32h7xx_it.c ****   /* USER CODE BEGIN NonMaskableInt_IRQn 0 */
  72:Core/Src/stm32h7xx_it.c **** 
  73:Core/Src/stm32h7xx_it.c ****   /* USER CODE END NonMaskableInt_IRQn 0 */
  74:Core/Src/stm32h7xx_it.c ****   HAL_RCC_NMI_IRQHandler();
  38              		.loc 1 74 3 view .LVU1
  39 0002 FFF7FEFF 		bl	HAL_RCC_NMI_IRQHandler
  40              	.LVL0:
  41              	.L2:
ARM GAS  C:\Users\ADMINI~1\AppData\Local\Temp\ccwi8AUI.s 			page 3


  75:Core/Src/stm32h7xx_it.c ****   /* USER CODE BEGIN NonMaskableInt_IRQn 1 */
  76:Core/Src/stm32h7xx_it.c ****   while (1)
  42              		.loc 1 76 3 discriminator 1 view .LVU2
  77:Core/Src/stm32h7xx_it.c ****   {
  78:Core/Src/stm32h7xx_it.c ****   }
  43              		.loc 1 78 3 discriminator 1 view .LVU3
  76:Core/Src/stm32h7xx_it.c ****   {
  44              		.loc 1 76 9 discriminator 1 view .LVU4
  45 0006 FEE7     		b	.L2
  46              		.cfi_endproc
  47              	.LFE147:
  49              		.section	.text.HardFault_Handler,"ax",%progbits
  50              		.align	1
  51              		.global	HardFault_Handler
  52              		.syntax unified
  53              		.thumb
  54              		.thumb_func
  55              		.fpu fpv5-d16
  57              	HardFault_Handler:
  58              	.LFB148:
  79:Core/Src/stm32h7xx_it.c ****   /* USER CODE END NonMaskableInt_IRQn 1 */
  80:Core/Src/stm32h7xx_it.c **** }
  81:Core/Src/stm32h7xx_it.c **** 
  82:Core/Src/stm32h7xx_it.c **** /**
  83:Core/Src/stm32h7xx_it.c ****   * @brief This function handles Hard fault interrupt.
  84:Core/Src/stm32h7xx_it.c ****   */
  85:Core/Src/stm32h7xx_it.c **** void HardFault_Handler(void)
  86:Core/Src/stm32h7xx_it.c **** {
  59              		.loc 1 86 1 view -0
  60              		.cfi_startproc
  61              		@ Volatile: function does not return.
  62              		@ args = 0, pretend = 0, frame = 0
  63              		@ frame_needed = 0, uses_anonymous_args = 0
  64              		@ link register save eliminated.
  65              	.L5:
  87:Core/Src/stm32h7xx_it.c ****   /* USER CODE BEGIN HardFault_IRQn 0 */
  88:Core/Src/stm32h7xx_it.c **** 
  89:Core/Src/stm32h7xx_it.c ****   /* USER CODE END HardFault_IRQn 0 */
  90:Core/Src/stm32h7xx_it.c ****   while (1)
  66              		.loc 1 90 3 discriminator 1 view .LVU6
  91:Core/Src/stm32h7xx_it.c ****   {
  92:Core/Src/stm32h7xx_it.c ****     /* USER CODE BEGIN W1_HardFault_IRQn 0 */
  93:Core/Src/stm32h7xx_it.c ****     /* USER CODE END W1_HardFault_IRQn 0 */
  94:Core/Src/stm32h7xx_it.c ****   }
  67              		.loc 1 94 3 discriminator 1 view .LVU7
  90:Core/Src/stm32h7xx_it.c ****   {
  68              		.loc 1 90 9 discriminator 1 view .LVU8
  69 0000 FEE7     		b	.L5
  70              		.cfi_endproc
  71              	.LFE148:
  73              		.section	.text.MemManage_Handler,"ax",%progbits
  74              		.align	1
  75              		.global	MemManage_Handler
  76              		.syntax unified
  77              		.thumb
  78              		.thumb_func
  79              		.fpu fpv5-d16
ARM GAS  C:\Users\ADMINI~1\AppData\Local\Temp\ccwi8AUI.s 			page 4


  81              	MemManage_Handler:
  82              	.LFB149:
  95:Core/Src/stm32h7xx_it.c **** }
  96:Core/Src/stm32h7xx_it.c **** 
  97:Core/Src/stm32h7xx_it.c **** /**
  98:Core/Src/stm32h7xx_it.c ****   * @brief This function handles Memory management fault.
  99:Core/Src/stm32h7xx_it.c ****   */
 100:Core/Src/stm32h7xx_it.c **** void MemManage_Handler(void)
 101:Core/Src/stm32h7xx_it.c **** {
  83              		.loc 1 101 1 view -0
  84              		.cfi_startproc
  85              		@ Volatile: function does not return.
  86              		@ args = 0, pretend = 0, frame = 0
  87              		@ frame_needed = 0, uses_anonymous_args = 0
  88              		@ link register save eliminated.
  89              	.L7:
 102:Core/Src/stm32h7xx_it.c ****   /* USER CODE BEGIN MemoryManagement_IRQn 0 */
 103:Core/Src/stm32h7xx_it.c **** 
 104:Core/Src/stm32h7xx_it.c ****   /* USER CODE END MemoryManagement_IRQn 0 */
 105:Core/Src/stm32h7xx_it.c ****   while (1)
  90              		.loc 1 105 3 discriminator 1 view .LVU10
 106:Core/Src/stm32h7xx_it.c ****   {
 107:Core/Src/stm32h7xx_it.c ****     /* USER CODE BEGIN W1_MemoryManagement_IRQn 0 */
 108:Core/Src/stm32h7xx_it.c ****     /* USER CODE END W1_MemoryManagement_IRQn 0 */
 109:Core/Src/stm32h7xx_it.c ****   }
  91              		.loc 1 109 3 discriminator 1 view .LVU11
 105:Core/Src/stm32h7xx_it.c ****   {
  92              		.loc 1 105 9 discriminator 1 view .LVU12
  93 0000 FEE7     		b	.L7
  94              		.cfi_endproc
  95              	.LFE149:
  97              		.section	.text.BusFault_Handler,"ax",%progbits
  98              		.align	1
  99              		.global	BusFault_Handler
 100              		.syntax unified
 101              		.thumb
 102              		.thumb_func
 103              		.fpu fpv5-d16
 105              	BusFault_Handler:
 106              	.LFB150:
 110:Core/Src/stm32h7xx_it.c **** }
 111:Core/Src/stm32h7xx_it.c **** 
 112:Core/Src/stm32h7xx_it.c **** /**
 113:Core/Src/stm32h7xx_it.c ****   * @brief This function handles Pre-fetch fault, memory access fault.
 114:Core/Src/stm32h7xx_it.c ****   */
 115:Core/Src/stm32h7xx_it.c **** void BusFault_Handler(void)
 116:Core/Src/stm32h7xx_it.c **** {
 107              		.loc 1 116 1 view -0
 108              		.cfi_startproc
 109              		@ Volatile: function does not return.
 110              		@ args = 0, pretend = 0, frame = 0
 111              		@ frame_needed = 0, uses_anonymous_args = 0
 112              		@ link register save eliminated.
 113              	.L9:
 117:Core/Src/stm32h7xx_it.c ****   /* USER CODE BEGIN BusFault_IRQn 0 */
 118:Core/Src/stm32h7xx_it.c **** 
 119:Core/Src/stm32h7xx_it.c ****   /* USER CODE END BusFault_IRQn 0 */
ARM GAS  C:\Users\ADMINI~1\AppData\Local\Temp\ccwi8AUI.s 			page 5


 120:Core/Src/stm32h7xx_it.c ****   while (1)
 114              		.loc 1 120 3 discriminator 1 view .LVU14
 121:Core/Src/stm32h7xx_it.c ****   {
 122:Core/Src/stm32h7xx_it.c ****     /* USER CODE BEGIN W1_BusFault_IRQn 0 */
 123:Core/Src/stm32h7xx_it.c ****     /* USER CODE END W1_BusFault_IRQn 0 */
 124:Core/Src/stm32h7xx_it.c ****   }
 115              		.loc 1 124 3 discriminator 1 view .LVU15
 120:Core/Src/stm32h7xx_it.c ****   {
 116              		.loc 1 120 9 discriminator 1 view .LVU16
 117 0000 FEE7     		b	.L9
 118              		.cfi_endproc
 119              	.LFE150:
 121              		.section	.text.UsageFault_Handler,"ax",%progbits
 122              		.align	1
 123              		.global	UsageFault_Handler
 124              		.syntax unified
 125              		.thumb
 126              		.thumb_func
 127              		.fpu fpv5-d16
 129              	UsageFault_Handler:
 130              	.LFB151:
 125:Core/Src/stm32h7xx_it.c **** }
 126:Core/Src/stm32h7xx_it.c **** 
 127:Core/Src/stm32h7xx_it.c **** /**
 128:Core/Src/stm32h7xx_it.c ****   * @brief This function handles Undefined instruction or illegal state.
 129:Core/Src/stm32h7xx_it.c ****   */
 130:Core/Src/stm32h7xx_it.c **** void UsageFault_Handler(void)
 131:Core/Src/stm32h7xx_it.c **** {
 131              		.loc 1 131 1 view -0
 132              		.cfi_startproc
 133              		@ Volatile: function does not return.
 134              		@ args = 0, pretend = 0, frame = 0
 135              		@ frame_needed = 0, uses_anonymous_args = 0
 136              		@ link register save eliminated.
 137              	.L11:
 132:Core/Src/stm32h7xx_it.c ****   /* USER CODE BEGIN UsageFault_IRQn 0 */
 133:Core/Src/stm32h7xx_it.c **** 
 134:Core/Src/stm32h7xx_it.c ****   /* USER CODE END UsageFault_IRQn 0 */
 135:Core/Src/stm32h7xx_it.c ****   while (1)
 138              		.loc 1 135 3 discriminator 1 view .LVU18
 136:Core/Src/stm32h7xx_it.c ****   {
 137:Core/Src/stm32h7xx_it.c ****     /* USER CODE BEGIN W1_UsageFault_IRQn 0 */
 138:Core/Src/stm32h7xx_it.c ****     /* USER CODE END W1_UsageFault_IRQn 0 */
 139:Core/Src/stm32h7xx_it.c ****   }
 139              		.loc 1 139 3 discriminator 1 view .LVU19
 135:Core/Src/stm32h7xx_it.c ****   {
 140              		.loc 1 135 9 discriminator 1 view .LVU20
 141 0000 FEE7     		b	.L11
 142              		.cfi_endproc
 143              	.LFE151:
 145              		.section	.text.SVC_Handler,"ax",%progbits
 146              		.align	1
 147              		.global	SVC_Handler
 148              		.syntax unified
 149              		.thumb
 150              		.thumb_func
 151              		.fpu fpv5-d16
ARM GAS  C:\Users\ADMINI~1\AppData\Local\Temp\ccwi8AUI.s 			page 6


 153              	SVC_Handler:
 154              	.LFB152:
 140:Core/Src/stm32h7xx_it.c **** }
 141:Core/Src/stm32h7xx_it.c **** 
 142:Core/Src/stm32h7xx_it.c **** /**
 143:Core/Src/stm32h7xx_it.c ****   * @brief This function handles System service call via SWI instruction.
 144:Core/Src/stm32h7xx_it.c ****   */
 145:Core/Src/stm32h7xx_it.c **** void SVC_Handler(void)
 146:Core/Src/stm32h7xx_it.c **** {
 155              		.loc 1 146 1 view -0
 156              		.cfi_startproc
 157              		@ args = 0, pretend = 0, frame = 0
 158              		@ frame_needed = 0, uses_anonymous_args = 0
 159              		@ link register save eliminated.
 147:Core/Src/stm32h7xx_it.c ****   /* USER CODE BEGIN SVCall_IRQn 0 */
 148:Core/Src/stm32h7xx_it.c **** 
 149:Core/Src/stm32h7xx_it.c ****   /* USER CODE END SVCall_IRQn 0 */
 150:Core/Src/stm32h7xx_it.c ****   /* USER CODE BEGIN SVCall_IRQn 1 */
 151:Core/Src/stm32h7xx_it.c **** 
 152:Core/Src/stm32h7xx_it.c ****   /* USER CODE END SVCall_IRQn 1 */
 153:Core/Src/stm32h7xx_it.c **** }
 160              		.loc 1 153 1 view .LVU22
 161 0000 7047     		bx	lr
 162              		.cfi_endproc
 163              	.LFE152:
 165              		.section	.text.DebugMon_Handler,"ax",%progbits
 166              		.align	1
 167              		.global	DebugMon_Handler
 168              		.syntax unified
 169              		.thumb
 170              		.thumb_func
 171              		.fpu fpv5-d16
 173              	DebugMon_Handler:
 174              	.LFB153:
 154:Core/Src/stm32h7xx_it.c **** 
 155:Core/Src/stm32h7xx_it.c **** /**
 156:Core/Src/stm32h7xx_it.c ****   * @brief This function handles Debug monitor.
 157:Core/Src/stm32h7xx_it.c ****   */
 158:Core/Src/stm32h7xx_it.c **** void DebugMon_Handler(void)
 159:Core/Src/stm32h7xx_it.c **** {
 175              		.loc 1 159 1 view -0
 176              		.cfi_startproc
 177              		@ args = 0, pretend = 0, frame = 0
 178              		@ frame_needed = 0, uses_anonymous_args = 0
 179              		@ link register save eliminated.
 160:Core/Src/stm32h7xx_it.c ****   /* USER CODE BEGIN DebugMonitor_IRQn 0 */
 161:Core/Src/stm32h7xx_it.c **** 
 162:Core/Src/stm32h7xx_it.c ****   /* USER CODE END DebugMonitor_IRQn 0 */
 163:Core/Src/stm32h7xx_it.c ****   /* USER CODE BEGIN DebugMonitor_IRQn 1 */
 164:Core/Src/stm32h7xx_it.c **** 
 165:Core/Src/stm32h7xx_it.c ****   /* USER CODE END DebugMonitor_IRQn 1 */
 166:Core/Src/stm32h7xx_it.c **** }
 180              		.loc 1 166 1 view .LVU24
 181 0000 7047     		bx	lr
 182              		.cfi_endproc
 183              	.LFE153:
 185              		.section	.text.PendSV_Handler,"ax",%progbits
ARM GAS  C:\Users\ADMINI~1\AppData\Local\Temp\ccwi8AUI.s 			page 7


 186              		.align	1
 187              		.global	PendSV_Handler
 188              		.syntax unified
 189              		.thumb
 190              		.thumb_func
 191              		.fpu fpv5-d16
 193              	PendSV_Handler:
 194              	.LFB154:
 167:Core/Src/stm32h7xx_it.c **** 
 168:Core/Src/stm32h7xx_it.c **** /**
 169:Core/Src/stm32h7xx_it.c ****   * @brief This function handles Pendable request for system service.
 170:Core/Src/stm32h7xx_it.c ****   */
 171:Core/Src/stm32h7xx_it.c **** void PendSV_Handler(void)
 172:Core/Src/stm32h7xx_it.c **** {
 195              		.loc 1 172 1 view -0
 196              		.cfi_startproc
 197              		@ args = 0, pretend = 0, frame = 0
 198              		@ frame_needed = 0, uses_anonymous_args = 0
 199              		@ link register save eliminated.
 173:Core/Src/stm32h7xx_it.c ****   /* USER CODE BEGIN PendSV_IRQn 0 */
 174:Core/Src/stm32h7xx_it.c **** 
 175:Core/Src/stm32h7xx_it.c ****   /* USER CODE END PendSV_IRQn 0 */
 176:Core/Src/stm32h7xx_it.c ****   /* USER CODE BEGIN PendSV_IRQn 1 */
 177:Core/Src/stm32h7xx_it.c **** 
 178:Core/Src/stm32h7xx_it.c ****   /* USER CODE END PendSV_IRQn 1 */
 179:Core/Src/stm32h7xx_it.c **** }
 200              		.loc 1 179 1 view .LVU26
 201 0000 7047     		bx	lr
 202              		.cfi_endproc
 203              	.LFE154:
 205              		.section	.text.SysTick_Handler,"ax",%progbits
 206              		.align	1
 207              		.global	SysTick_Handler
 208              		.syntax unified
 209              		.thumb
 210              		.thumb_func
 211              		.fpu fpv5-d16
 213              	SysTick_Handler:
 214              	.LFB155:
 180:Core/Src/stm32h7xx_it.c **** 
 181:Core/Src/stm32h7xx_it.c **** /**
 182:Core/Src/stm32h7xx_it.c ****   * @brief This function handles System tick timer.
 183:Core/Src/stm32h7xx_it.c ****   */
 184:Core/Src/stm32h7xx_it.c **** void SysTick_Handler(void)
 185:Core/Src/stm32h7xx_it.c **** {
 215              		.loc 1 185 1 view -0
 216              		.cfi_startproc
 217              		@ args = 0, pretend = 0, frame = 0
 218              		@ frame_needed = 0, uses_anonymous_args = 0
 219 0000 08B5     		push	{r3, lr}
 220              	.LCFI1:
 221              		.cfi_def_cfa_offset 8
 222              		.cfi_offset 3, -8
 223              		.cfi_offset 14, -4
 186:Core/Src/stm32h7xx_it.c ****   /* USER CODE BEGIN SysTick_IRQn 0 */
 187:Core/Src/stm32h7xx_it.c **** 
 188:Core/Src/stm32h7xx_it.c ****   /* USER CODE END SysTick_IRQn 0 */
ARM GAS  C:\Users\ADMINI~1\AppData\Local\Temp\ccwi8AUI.s 			page 8


 189:Core/Src/stm32h7xx_it.c ****   HAL_IncTick();
 224              		.loc 1 189 3 view .LVU28
 225 0002 FFF7FEFF 		bl	HAL_IncTick
 226              	.LVL1:
 190:Core/Src/stm32h7xx_it.c ****   /* USER CODE BEGIN SysTick_IRQn 1 */
 191:Core/Src/stm32h7xx_it.c **** 
 192:Core/Src/stm32h7xx_it.c ****   /* USER CODE END SysTick_IRQn 1 */
 193:Core/Src/stm32h7xx_it.c **** }
 227              		.loc 1 193 1 is_stmt 0 view .LVU29
 228 0006 08BD     		pop	{r3, pc}
 229              		.cfi_endproc
 230              	.LFE155:
 232              		.text
 233              	.Letext0:
 234              		.file 2 "Drivers/STM32H7xx_HAL_Driver/Inc/stm32h7xx_hal.h"
 235              		.file 3 "Drivers/STM32H7xx_HAL_Driver/Inc/stm32h7xx_hal_rcc.h"
ARM GAS  C:\Users\ADMINI~1\AppData\Local\Temp\ccwi8AUI.s 			page 9


DEFINED SYMBOLS
                            *ABS*:00000000 stm32h7xx_it.c
C:\Users\ADMINI~1\AppData\Local\Temp\ccwi8AUI.s:17     .text.NMI_Handler:00000000 $t
C:\Users\ADMINI~1\AppData\Local\Temp\ccwi8AUI.s:25     .text.NMI_Handler:00000000 NMI_Handler
C:\Users\ADMINI~1\AppData\Local\Temp\ccwi8AUI.s:50     .text.HardFault_Handler:00000000 $t
C:\Users\ADMINI~1\AppData\Local\Temp\ccwi8AUI.s:57     .text.HardFault_Handler:00000000 HardFault_Handler
C:\Users\ADMINI~1\AppData\Local\Temp\ccwi8AUI.s:74     .text.MemManage_Handler:00000000 $t
C:\Users\ADMINI~1\AppData\Local\Temp\ccwi8AUI.s:81     .text.MemManage_Handler:00000000 MemManage_Handler
C:\Users\ADMINI~1\AppData\Local\Temp\ccwi8AUI.s:98     .text.BusFault_Handler:00000000 $t
C:\Users\ADMINI~1\AppData\Local\Temp\ccwi8AUI.s:105    .text.BusFault_Handler:00000000 BusFault_Handler
C:\Users\ADMINI~1\AppData\Local\Temp\ccwi8AUI.s:122    .text.UsageFault_Handler:00000000 $t
C:\Users\ADMINI~1\AppData\Local\Temp\ccwi8AUI.s:129    .text.UsageFault_Handler:00000000 UsageFault_Handler
C:\Users\ADMINI~1\AppData\Local\Temp\ccwi8AUI.s:146    .text.SVC_Handler:00000000 $t
C:\Users\ADMINI~1\AppData\Local\Temp\ccwi8AUI.s:153    .text.SVC_Handler:00000000 SVC_Handler
C:\Users\ADMINI~1\AppData\Local\Temp\ccwi8AUI.s:166    .text.DebugMon_Handler:00000000 $t
C:\Users\ADMINI~1\AppData\Local\Temp\ccwi8AUI.s:173    .text.DebugMon_Handler:00000000 DebugMon_Handler
C:\Users\ADMINI~1\AppData\Local\Temp\ccwi8AUI.s:186    .text.PendSV_Handler:00000000 $t
C:\Users\ADMINI~1\AppData\Local\Temp\ccwi8AUI.s:193    .text.PendSV_Handler:00000000 PendSV_Handler
C:\Users\ADMINI~1\AppData\Local\Temp\ccwi8AUI.s:206    .text.SysTick_Handler:00000000 $t
C:\Users\ADMINI~1\AppData\Local\Temp\ccwi8AUI.s:213    .text.SysTick_Handler:00000000 SysTick_Handler

UNDEFINED SYMBOLS
HAL_RCC_NMI_IRQHandler
HAL_IncTick
